<?xml version="1.0" encoding="UTF-8"?>
<testsuite xmlns:xsi="http://www.w3.org/2001/XMLSchema-instance" xsi:noNamespaceSchemaLocation="https://maven.apache.org/surefire/maven-surefire-plugin/xsd/surefire-test-report-3.0.xsd" version="3.0" name="com.aichuangzuo.user.modules.leaderboard.service.CoinRecordServiceTest" time="1.728" tests="1" errors="0" skipped="0" failures="0">
  <properties>
[...]
</properties>
  <testcase name="grant_increasesBalance" classname="com.aichuangzuo.user.modules.leaderboard.service.CoinRecordServiceTest" time="0.373">
    <system-out><![CDATA[17:06:58.244 [main] INFO org.springframework.test.context.support.AnnotationConfigContextLoaderUtils -- Could not detect default configuration classes for test class [com.aichuangzuo.user.modules.leaderboard.service.CoinRecordServiceTest]: CoinRecordServiceTest does not declare any static, non-private, non-final, nested classes annotated with @Configuration.
17:06:58.283 [main] INFO org.springframework.boot.test.context.SpringBootTestContextBootstrapper -- Found @SpringBootConfiguration com.aichuangzuo.user.UserApiApplication for test class com.aichuangzuo.user.modules.leaderboard.service.CoinRecordServiceTest

  .   ____          _            __ _ _
 /\\ / ___'_ __ _ _(_)_ __  __ _ \ \ \ \
( ( )\___ | '_ | '_| | '_ \/ _` | \ \ \ \
 \\/  ___)| |_)| | | | | || (_| |  ) ) ) )
  '  |____| .__|_| |_|_| |_\__, | / / / /
 =========|_|==============|___/=/_/_/_/
 :: Spring Boot ::                (v3.2.5)

2026-07-07T17:06:58.412+08:00  INFO 93349 --- [user-api] [           main] c.a.u.m.l.service.CoinRecordServiceTest  : Starting CoinRecordServiceTest using Java 17.0.12 with PID 93349 (started by panyong in /Users/panyong/aio_project/ai_chuangzuo/project/user/api)
2026-07-07T17:06:58.413+08:00  INFO 93349 --- [user-api] [           main] c.a.u.m.l.service.CoinRecordServiceTest  : The following 1 profile is active: "dev"
2026-07-07T17:06:58.761+08:00  INFO 93349 --- [user-api] [           main] ptablePropertiesBeanFactoryPostProcessor : Post-processing PropertySource instances
2026-07-07T17:06:58.761+08:00  INFO 93349 --- [user-api] [           main] c.u.j.EncryptablePropertySourceConverter : Skipping PropertySource configurationProperties [class org.springframework.boot.context.properties.source.ConfigurationPropertySourcesPropertySource
2026-07-07T17:06:58.762+08:00  INFO 93349 --- [user-api] [           main] c.u.j.EncryptablePropertySourceConverter : Converting PropertySource test [org.springframework.core.env.MapPropertySource] to EncryptableMapPropertySourceWrapper
2026-07-07T17:06:58.762+08:00  INFO 93349 --- [user-api] [           main] c.u.j.EncryptablePropertySourceConverter : Converting PropertySource Inlined Test Properties [org.springframework.core.env.MapPropertySource] to EncryptableMapPropertySourceWrapper
2026-07-07T17:06:58.762+08:00  INFO 93349 --- [user-api] [           main] c.u.j.EncryptablePropertySourceConverter : Skipping PropertySource servletConfigInitParams [class org.springframework.core.env.PropertySource$StubPropertySource
2026-07-07T17:06:58.762+08:00  INFO 93349 --- [user-api] [           main] c.u.j.EncryptablePropertySourceConverter : Converting PropertySource servletContextInitParams [org.springframework.web.context.support.ServletContextPropertySource] to EncryptableEnumerablePropertySourceWrapper
2026-07-07T17:06:58.762+08:00  INFO 93349 --- [user-api] [           main] c.u.j.EncryptablePropertySourceConverter : Converting PropertySource systemProperties [org.springframework.core.env.PropertiesPropertySource] to EncryptableMapPropertySourceWrapper
2026-07-07T17:06:58.762+08:00  INFO 93349 --- [user-api] [           main] c.u.j.EncryptablePropertySourceConverter : Converting PropertySource systemEnvironment [org.springframework.boot.env.SystemEnvironmentPropertySourceEnvironmentPostProcessor$OriginAwareSystemEnvironmentPropertySource] to EncryptableSystemEnvironmentPropertySourceWrapper
2026-07-07T17:06:58.762+08:00  INFO 93349 --- [user-api] [           main] c.u.j.EncryptablePropertySourceConverter : Converting PropertySource random [org.springframework.boot.env.RandomValuePropertySource] to EncryptablePropertySourceWrapper
2026-07-07T17:06:58.762+08:00  INFO 93349 --- [user-api] [           main] c.u.j.EncryptablePropertySourceConverter : Converting PropertySource Config resource 'class path resource [application-dev.yml]' via location 'optional:classpath:/' [org.springframework.boot.env.OriginTrackedMapPropertySource] to EncryptableMapPropertySourceWrapper
2026-07-07T17:06:58.762+08:00  INFO 93349 --- [user-api] [           main] c.u.j.EncryptablePropertySourceConverter : Converting PropertySource Config resource 'class path resource [application.yml]' via location 'optional:classpath:/' [org.springframework.boot.env.OriginTrackedMapPropertySource] to EncryptableMapPropertySourceWrapper
2026-07-07T17:06:58.813+08:00  INFO 93349 --- [user-api] [           main] c.u.j.filter.DefaultLazyPropertyFilter   : Property Filter custom Bean not found with name 'encryptablePropertyFilter'. Initializing Default Property Filter
2026-07-07T17:06:58.817+08:00  INFO 93349 --- [user-api] [           main] c.u.j.r.DefaultLazyPropertyResolver      : Property Resolver custom Bean not found with name 'encryptablePropertyResolver'. Initializing Default Property Resolver
2026-07-07T17:06:58.818+08:00  INFO 93349 --- [user-api] [           main] c.u.j.d.DefaultLazyPropertyDetector      : Property Detector custom Bean not found with name 'encryptablePropertyDetector'. Initializing Default Property Detector
2026-07-07T17:06:58.863+08:00  INFO 93349 --- [user-api] [           main] com.zaxxer.hikari.HikariDataSource       : HikariPool-1 - Starting...
2026-07-07T17:06:58.983+08:00  INFO 93349 --- [user-api] [           main] com.zaxxer.hikari.pool.HikariPool        : HikariPool-1 - Added connection com.mysql.cj.jdbc.ConnectionImpl@60807fd9
2026-07-07T17:06:58.984+08:00  INFO 93349 --- [user-api] [           main] com.zaxxer.hikari.HikariDataSource       : HikariPool-1 - Start completed.
2026-07-07T17:06:59.014+08:00  INFO 93349 --- [user-api] [           main] o.f.c.internal.license.VersionPrinter    : Flyway Community Edition 9.22.3 by Redgate
2026-07-07T17:06:59.014+08:00  INFO 93349 --- [user-api] [           main] o.f.c.internal.license.VersionPrinter    : See release notes here: https://rd.gt/416ObMi
2026-07-07T17:06:59.014+08:00  INFO 93349 --- [user-api] [           main] o.f.c.internal.license.VersionPrinter    : 
2026-07-07T17:06:59.022+08:00  INFO 93349 --- [user-api] [           main] org.flywaydb.core.FlywayExecutor         : Database: jdbc:mysql://localhost:3306/aichuangzuo (MySQL 8.0)
2026-07-07T17:06:59.047+08:00  INFO 93349 --- [user-api] [           main] o.f.core.internal.command.DbValidate     : Successfully validated 11 migrations (execution time 00:00.013s)
2026-07-07T17:06:59.057+08:00  INFO 93349 --- [user-api] [           main] o.f.core.internal.command.DbMigrate      : Current version of schema `aichuangzuo`: 1.0.0.010
2026-07-07T17:06:59.065+08:00  INFO 93349 --- [user-api] [           main] o.f.core.internal.command.DbMigrate      : Migrating schema `aichuangzuo` to version "1.0.0.011 - add is deleted to earnings record"
2026-07-07T17:06:59.106+08:00  INFO 93349 --- [user-api] [           main] o.f.core.internal.command.DbMigrate      : Successfully applied 1 migration to schema `aichuangzuo`, now at version v1.0.0.011 (execution time 00:00.032s)
 _ _   |_  _ _|_. ___ _ |    _ 
| | |\/|_)(_| | |_\  |_)||_|_\ 
     /               |         
                        3.5.8 
2026-07-07T17:06:59.312+08:00  WARN 93349 --- [user-api] [           main] .s.s.UserDetailsServiceAutoConfiguration : 

Using generated security password: 4519e330-c939-463f-9f69-2cce8526474f

This generated password is for development use only. Your security configuration must be updated before running your application in production.

2026-07-07T17:06:59.408+08:00  INFO 93349 --- [user-api] [           main] o.s.s.web.DefaultSecurityFilterChain     : Will secure any request with [org.springframework.security.web.session.DisableEncodeUrlFilter@6c2dd88b, org.springframework.security.web.context.request.async.WebAsyncManagerIntegrationFilter@49d979c4, org.springframework.security.web.context.SecurityContextHolderFilter@40dee07b, org.springframework.security.web.header.HeaderWriterFilter@5366575d, org.springframework.web.filter.CorsFilter@3cb173db, org.springframework.security.web.authentication.logout.LogoutFilter@299786b1, com.aichuangzuo.user.infrastructure.security.InternalKeyAuthenticationFilter@26712838, com.aichuangzuo.user.infrastructure.security.JwtAuthenticationFilter@249a45fd, org.springframework.security.web.savedrequest.RequestCacheAwareFilter@5f9a8ddc, org.springframework.security.web.servletapi.SecurityContextHolderAwareRequestFilter@1280bae3, org.springframework.security.web.authentication.AnonymousAuthenticationFilter@268f0ff3, org.springframework.security.web.access.ExceptionTranslationFilter@6edd4fe2, org.springframework.security.web.access.intercept.AuthorizationFilter@67784537]
2026-07-07T17:06:59.539+08:00  INFO 93349 --- [user-api] [           main] c.a.u.m.l.service.CoinRecordServiceTest  : Started CoinRecordServiceTest in 1.219 seconds (process running for 1.508)
]]></system-out>
  </testcase>
</testsuite>